2019-06-15 07:46:18,459 [Worker-2: Loading available Gradle versions] INFO  o.e.b.c.i.u.g.PublishedGradleVersions - Gradle version information cache is up-to-date. Trying to read.
2019-06-15 07:48:50,929 [Worker-11: Update Maven projects configuration] INFO  o.e.m.c.i.p.ProjectConfigurationManager - Update started
2019-06-15 07:48:56,832 [Worker-11: Update Maven projects configuration] INFO  o.e.m.c.i.l.LifecycleMappingFactory - Using org.eclipse.m2e.jdt.JarLifecycleMapping lifecycle mapping for MavenProject: com.application:project1:0.0.1-SNAPSHOT @ C:\Users\group034\Desktop\190243120046\project1\project1\pom.xml.
2019-06-15 07:49:03,143 [Worker-11: Update Maven projects configuration] INFO  o.e.m.j.i.AbstractJavaProjectConfigurator - Adding source folder /project1/src/main/java
2019-06-15 07:49:03,176 [Worker-11: Update Maven projects configuration] INFO  o.e.m.j.i.AbstractJavaProjectConfigurator - Adding resource folder /project1/src/main/resources
2019-06-15 07:49:03,187 [Worker-11: Update Maven projects configuration] INFO  o.e.m.j.i.AbstractJavaProjectConfigurator - Adding resource folder /project1/src/main/resources
2019-06-15 07:49:03,203 [Worker-11: Update Maven projects configuration] INFO  o.e.m.j.i.AbstractJavaProjectConfigurator - Adding source folder /project1/src/test/java
2019-06-15 07:49:04,597 [Worker-13: Building workspace] INFO  o.e.m.c.i.embedder.EclipseLogger - Using 'UTF-8' encoding to copy filtered resources.
2019-06-15 07:49:04,622 [Worker-13: Building workspace] INFO  o.e.m.c.i.embedder.EclipseLogger - Copying 1 resource
2019-06-15 07:49:04,655 [Worker-13: Building workspace] INFO  o.e.m.c.i.embedder.EclipseLogger - Copying 0 resource
2019-06-15 07:49:04,659 [Worker-13: Building workspace] INFO  o.e.m.c.i.embedder.EclipseLogger - Using 'UTF-8' encoding to copy filtered resources.
2019-06-15 07:49:04,660 [Worker-13: Building workspace] INFO  o.e.m.c.i.embedder.EclipseLogger - skip non existing resourceDirectory C:\Users\group034\Desktop\190243120046\project1\project1\src\test\resources
2019-06-15 07:49:05,939 [Worker-11: Update Maven projects configuration] INFO  o.e.m.c.i.p.ProjectConfigurationManager - Update completed: 15 sec
2019-06-15 07:49:06,496 [Worker-13: Building workspace] INFO  o.e.m.c.i.embedder.EclipseLogger - Using 'UTF-8' encoding to copy filtered resources.
2019-06-15 07:49:06,499 [Worker-13: Building workspace] INFO  o.e.m.c.i.embedder.EclipseLogger - Copying 1 resource
2019-06-15 07:49:06,501 [Worker-13: Building workspace] INFO  o.e.m.c.i.embedder.EclipseLogger - Copying 0 resource
2019-06-15 07:49:06,504 [Worker-13: Building workspace] INFO  o.e.m.c.i.embedder.EclipseLogger - Using 'UTF-8' encoding to copy filtered resources.
2019-06-15 07:49:06,504 [Worker-13: Building workspace] INFO  o.e.m.c.i.embedder.EclipseLogger - skip non existing resourceDirectory C:\Users\group034\Desktop\190243120046\project1\project1\src\test\resources
2019-06-15 07:49:56,465 [Worker-10: Building workspace] INFO  o.e.m.c.i.embedder.EclipseLogger - Using 'UTF-8' encoding to copy filtered resources.
2019-06-15 07:49:56,466 [Worker-10: Building workspace] INFO  o.e.m.c.i.embedder.EclipseLogger - Copying 1 resource
2019-06-15 07:49:56,469 [Worker-10: Building workspace] INFO  o.e.m.c.i.embedder.EclipseLogger - Copying 0 resource
2019-06-15 07:49:56,473 [Worker-10: Building workspace] INFO  o.e.m.c.i.embedder.EclipseLogger - Using 'UTF-8' encoding to copy filtered resources.
2019-06-15 07:49:56,473 [Worker-10: Building workspace] INFO  o.e.m.c.i.embedder.EclipseLogger - skip non existing resourceDirectory C:\Users\group034\Desktop\190243120046\project1\project1\src\test\resources
2019-06-15 07:50:06,961 [Worker-8: Building workspace] INFO  o.e.m.c.i.embedder.EclipseLogger - Using 'UTF-8' encoding to copy filtered resources.
2019-06-15 07:50:06,962 [Worker-8: Building workspace] INFO  o.e.m.c.i.embedder.EclipseLogger - Copying 0 resource
2019-06-15 07:50:06,963 [Worker-8: Building workspace] INFO  o.e.m.c.i.embedder.EclipseLogger - Copying 0 resource
2019-06-15 07:50:06,966 [Worker-8: Building workspace] INFO  o.e.m.c.i.embedder.EclipseLogger - Using 'UTF-8' encoding to copy filtered resources.
2019-06-15 07:50:06,967 [Worker-8: Building workspace] INFO  o.e.m.c.i.embedder.EclipseLogger - skip non existing resourceDirectory C:\Users\group034\Desktop\190243120046\project1\project1\src\test\resources
2019-06-15 07:50:33,647 [Worker-8: Building workspace] INFO  o.e.m.c.i.embedder.EclipseLogger - Using 'UTF-8' encoding to copy filtered resources.
2019-06-15 07:50:33,648 [Worker-8: Building workspace] INFO  o.e.m.c.i.embedder.EclipseLogger - Copying 0 resource
2019-06-15 07:50:33,649 [Worker-8: Building workspace] INFO  o.e.m.c.i.embedder.EclipseLogger - Copying 0 resource
2019-06-15 07:50:33,653 [Worker-8: Building workspace] INFO  o.e.m.c.i.embedder.EclipseLogger - Using 'UTF-8' encoding to copy filtered resources.
2019-06-15 07:50:33,654 [Worker-8: Building workspace] INFO  o.e.m.c.i.embedder.EclipseLogger - skip non existing resourceDirectory C:\Users\group034\Desktop\190243120046\project1\project1\src\test\resources
2019-06-15 07:50:54,687 [Worker-14: Launching Executing clean in C__Users_group034_Desktop_190243120046_project1_project1] INFO  o.e.m.i.launch.MavenLaunchDelegate - C:\Users\group034\Desktop\190243120046\project1\project1
2019-06-15 07:50:54,690 [Worker-14: Launching Executing clean in C__Users_group034_Desktop_190243120046_project1_project1] INFO  o.e.m.i.launch.MavenLaunchDelegate -  mvn -B clean -Dstyle.color=always
2019-06-15 07:50:58,932 [Worker-10: Building workspace] INFO  o.e.m.c.i.embedder.EclipseLogger - Using 'UTF-8' encoding to copy filtered resources.
2019-06-15 07:50:58,933 [Worker-10: Building workspace] INFO  o.e.m.c.i.embedder.EclipseLogger - Copying 1 resource
2019-06-15 07:50:58,936 [Worker-10: Building workspace] INFO  o.e.m.c.i.embedder.EclipseLogger - Copying 0 resource
2019-06-15 07:50:58,939 [Worker-10: Building workspace] INFO  o.e.m.c.i.embedder.EclipseLogger - Using 'UTF-8' encoding to copy filtered resources.
2019-06-15 07:50:58,940 [Worker-10: Building workspace] INFO  o.e.m.c.i.embedder.EclipseLogger - skip non existing resourceDirectory C:\Users\group034\Desktop\190243120046\project1\project1\src\test\resources
2019-06-15 07:51:09,169 [Worker-0: Launching Executing install in C__Users_group034_Desktop_190243120046_project1_project1] INFO  o.e.m.i.launch.MavenLaunchDelegate - C:\Users\group034\Desktop\190243120046\project1\project1
2019-06-15 07:51:09,170 [Worker-0: Launching Executing install in C__Users_group034_Desktop_190243120046_project1_project1] INFO  o.e.m.i.launch.MavenLaunchDelegate -  mvn -B install -Dstyle.color=always
2019-06-15 07:51:14,462 [Worker-14: Building workspace] INFO  o.e.m.c.i.embedder.EclipseLogger - Using 'UTF-8' encoding to copy filtered resources.
2019-06-15 07:51:14,466 [Worker-14: Building workspace] INFO  o.e.m.c.i.embedder.EclipseLogger - Copying 1 resource
2019-06-15 07:51:14,469 [Worker-14: Building workspace] INFO  o.e.m.c.i.embedder.EclipseLogger - Copying 0 resource
2019-06-15 07:51:14,471 [Worker-14: Building workspace] INFO  o.e.m.c.i.embedder.EclipseLogger - Using 'UTF-8' encoding to copy filtered resources.
2019-06-15 07:51:14,471 [Worker-14: Building workspace] INFO  o.e.m.c.i.embedder.EclipseLogger - skip non existing resourceDirectory C:\Users\group034\Desktop\190243120046\project1\project1\src\test\resources
2019-06-15 07:51:49,780 [Worker-13: Launching Executing clean in C__Users_group034_Desktop_190243120046_project1_project1] INFO  o.e.m.i.launch.MavenLaunchDelegate - C:\Users\group034\Desktop\190243120046\project1\project1
2019-06-15 07:51:49,781 [Worker-13: Launching Executing clean in C__Users_group034_Desktop_190243120046_project1_project1] INFO  o.e.m.i.launch.MavenLaunchDelegate -  mvn -B clean -Dstyle.color=always
2019-06-15 07:51:53,438 [Worker-12: Building workspace] INFO  o.e.m.c.i.embedder.EclipseLogger - Using 'UTF-8' encoding to copy filtered resources.
2019-06-15 07:51:53,440 [Worker-12: Building workspace] INFO  o.e.m.c.i.embedder.EclipseLogger - Copying 1 resource
2019-06-15 07:51:53,444 [Worker-12: Building workspace] INFO  o.e.m.c.i.embedder.EclipseLogger - Copying 0 resource
2019-06-15 07:51:53,511 [Worker-12: Building workspace] INFO  o.e.m.c.i.embedder.EclipseLogger - Using 'UTF-8' encoding to copy filtered resources.
2019-06-15 07:51:53,511 [Worker-12: Building workspace] INFO  o.e.m.c.i.embedder.EclipseLogger - skip non existing resourceDirectory C:\Users\group034\Desktop\190243120046\project1\project1\src\test\resources
2019-06-15 07:52:01,241 [Worker-0: Launching Executing install in C__Users_group034_Desktop_190243120046_project1_project1] INFO  o.e.m.i.launch.MavenLaunchDelegate - C:\Users\group034\Desktop\190243120046\project1\project1
2019-06-15 07:52:01,241 [Worker-0: Launching Executing install in C__Users_group034_Desktop_190243120046_project1_project1] INFO  o.e.m.i.launch.MavenLaunchDelegate -  mvn -B install -Dstyle.color=always
2019-06-15 07:52:06,355 [Worker-8: Building workspace] INFO  o.e.m.c.i.embedder.EclipseLogger - Using 'UTF-8' encoding to copy filtered resources.
2019-06-15 07:52:06,356 [Worker-8: Building workspace] INFO  o.e.m.c.i.embedder.EclipseLogger - Copying 1 resource
2019-06-15 07:52:06,359 [Worker-8: Building workspace] INFO  o.e.m.c.i.embedder.EclipseLogger - Copying 0 resource
2019-06-15 07:52:06,362 [Worker-8: Building workspace] INFO  o.e.m.c.i.embedder.EclipseLogger - Using 'UTF-8' encoding to copy filtered resources.
2019-06-15 07:52:06,362 [Worker-8: Building workspace] INFO  o.e.m.c.i.embedder.EclipseLogger - skip non existing resourceDirectory C:\Users\group034\Desktop\190243120046\project1\project1\src\test\resources
2019-06-15 07:53:11,724 [Worker-12: Building workspace] INFO  o.e.m.c.i.embedder.EclipseLogger - Using 'UTF-8' encoding to copy filtered resources.
2019-06-15 07:53:11,725 [Worker-12: Building workspace] INFO  o.e.m.c.i.embedder.EclipseLogger - Copying 0 resource
2019-06-15 07:53:11,726 [Worker-12: Building workspace] INFO  o.e.m.c.i.embedder.EclipseLogger - Copying 0 resource
2019-06-15 07:53:11,731 [Worker-12: Building workspace] INFO  o.e.m.c.i.embedder.EclipseLogger - Using 'UTF-8' encoding to copy filtered resources.
2019-06-15 07:53:11,731 [Worker-12: Building workspace] INFO  o.e.m.c.i.embedder.EclipseLogger - skip non existing resourceDirectory C:\Users\group034\Desktop\190243120046\project1\project1\src\test\resources
2019-06-15 07:53:20,876 [Worker-11: Building workspace] INFO  o.e.m.c.i.embedder.EclipseLogger - Using 'UTF-8' encoding to copy filtered resources.
2019-06-15 07:53:20,878 [Worker-11: Building workspace] INFO  o.e.m.c.i.embedder.EclipseLogger - Copying 1 resource
2019-06-15 07:53:20,881 [Worker-11: Building workspace] INFO  o.e.m.c.i.embedder.EclipseLogger - Copying 0 resource
2019-06-15 07:53:20,884 [Worker-11: Building workspace] INFO  o.e.m.c.i.embedder.EclipseLogger - Using 'UTF-8' encoding to copy filtered resources.
2019-06-15 07:53:20,884 [Worker-11: Building workspace] INFO  o.e.m.c.i.embedder.EclipseLogger - skip non existing resourceDirectory C:\Users\group034\Desktop\190243120046\project1\project1\src\test\resources
2019-06-15 07:53:28,971 [Worker-13: Launching Executing clean in C__Users_group034_Desktop_190243120046_project1_project1] INFO  o.e.m.i.launch.MavenLaunchDelegate - C:\Users\group034\Desktop\190243120046\project1\project1
2019-06-15 07:53:28,971 [Worker-13: Launching Executing clean in C__Users_group034_Desktop_190243120046_project1_project1] INFO  o.e.m.i.launch.MavenLaunchDelegate -  mvn -B clean -Dstyle.color=always
2019-06-15 07:53:34,911 [Worker-8: Building workspace] INFO  o.e.m.c.i.embedder.EclipseLogger - Using 'UTF-8' encoding to copy filtered resources.
2019-06-15 07:53:34,912 [Worker-8: Building workspace] INFO  o.e.m.c.i.embedder.EclipseLogger - Copying 1 resource
2019-06-15 07:53:34,915 [Worker-8: Building workspace] INFO  o.e.m.c.i.embedder.EclipseLogger - Copying 0 resource
2019-06-15 07:53:34,917 [Worker-8: Building workspace] INFO  o.e.m.c.i.embedder.EclipseLogger - Using 'UTF-8' encoding to copy filtered resources.
2019-06-15 07:53:34,917 [Worker-8: Building workspace] INFO  o.e.m.c.i.embedder.EclipseLogger - skip non existing resourceDirectory C:\Users\group034\Desktop\190243120046\project1\project1\src\test\resources
2019-06-15 07:53:41,371 [Worker-11: Launching Executing install in C__Users_group034_Desktop_190243120046_project1_project1] INFO  o.e.m.i.launch.MavenLaunchDelegate - C:\Users\group034\Desktop\190243120046\project1\project1
2019-06-15 07:53:41,371 [Worker-11: Launching Executing install in C__Users_group034_Desktop_190243120046_project1_project1] INFO  o.e.m.i.launch.MavenLaunchDelegate -  mvn -B install -Dstyle.color=always
2019-06-15 07:53:48,698 [Worker-10: Building workspace] INFO  o.e.m.c.i.embedder.EclipseLogger - Using 'UTF-8' encoding to copy filtered resources.
2019-06-15 07:53:48,701 [Worker-10: Building workspace] INFO  o.e.m.c.i.embedder.EclipseLogger - Copying 1 resource
2019-06-15 07:53:48,704 [Worker-10: Building workspace] INFO  o.e.m.c.i.embedder.EclipseLogger - Copying 0 resource
2019-06-15 07:53:48,707 [Worker-10: Building workspace] INFO  o.e.m.c.i.embedder.EclipseLogger - Using 'UTF-8' encoding to copy filtered resources.
2019-06-15 07:53:48,707 [Worker-10: Building workspace] INFO  o.e.m.c.i.embedder.EclipseLogger - skip non existing resourceDirectory C:\Users\group034\Desktop\190243120046\project1\project1\src\test\resources
2019-06-15 07:55:09,129 [Worker-10: Building workspace] INFO  o.e.m.c.i.l.LifecycleMappingFactory - Using org.eclipse.m2e.jdt.JarLifecycleMapping lifecycle mapping for MavenProject: com.application:project1:0.0.1-SNAPSHOT @ C:\Users\group034\Desktop\190243120046\project1\project1\pom.xml.
2019-06-15 07:55:11,302 [Worker-10: Building workspace] INFO  o.e.m.c.i.embedder.EclipseLogger - Using 'UTF-8' encoding to copy filtered resources.
2019-06-15 07:55:11,309 [Worker-10: Building workspace] INFO  o.e.m.c.i.embedder.EclipseLogger - Copying 1 resource
2019-06-15 07:55:11,333 [Worker-10: Building workspace] INFO  o.e.m.c.i.embedder.EclipseLogger - Copying 0 resource
2019-06-15 07:55:11,356 [Worker-10: Building workspace] INFO  o.e.m.c.i.embedder.EclipseLogger - Using 'UTF-8' encoding to copy filtered resources.
2019-06-15 07:55:11,357 [Worker-10: Building workspace] INFO  o.e.m.c.i.embedder.EclipseLogger - skip non existing resourceDirectory C:\Users\group034\Desktop\190243120046\project1\project1\src\test\resources
2019-06-15 07:55:14,148 [Worker-12: Updating Maven Dependencies] INFO  o.e.m.c.i.l.LifecycleMappingFactory - Using org.eclipse.m2e.jdt.JarLifecycleMapping lifecycle mapping for MavenProject: com.application:project1:0.0.1-SNAPSHOT @ C:\Users\group034\Desktop\190243120046\project1\project1\pom.xml.
2019-06-15 07:55:14,179 [Worker-10: Building workspace] INFO  o.e.m.c.i.embedder.EclipseLogger - Using 'UTF-8' encoding to copy filtered resources.
2019-06-15 07:55:14,186 [Worker-10: Building workspace] INFO  o.e.m.c.i.embedder.EclipseLogger - Copying 1 resource
2019-06-15 07:55:14,210 [Worker-10: Building workspace] INFO  o.e.m.c.i.embedder.EclipseLogger - Copying 0 resource
2019-06-15 07:55:14,216 [Worker-10: Building workspace] INFO  o.e.m.c.i.embedder.EclipseLogger - Using 'UTF-8' encoding to copy filtered resources.
2019-06-15 07:55:14,221 [Worker-10: Building workspace] INFO  o.e.m.c.i.embedder.EclipseLogger - skip non existing resourceDirectory C:\Users\group034\Desktop\190243120046\project1\project1\src\test\resources
2019-06-15 07:55:16,249 [Worker-0: Building workspace] INFO  o.e.m.c.i.embedder.EclipseLogger - Using 'UTF-8' encoding to copy filtered resources.
2019-06-15 07:55:16,250 [Worker-0: Building workspace] INFO  o.e.m.c.i.embedder.EclipseLogger - Copying 1 resource
2019-06-15 07:55:16,253 [Worker-0: Building workspace] INFO  o.e.m.c.i.embedder.EclipseLogger - Copying 0 resource
2019-06-15 07:55:16,256 [Worker-0: Building workspace] INFO  o.e.m.c.i.embedder.EclipseLogger - Using 'UTF-8' encoding to copy filtered resources.
2019-06-15 07:55:16,257 [Worker-0: Building workspace] INFO  o.e.m.c.i.embedder.EclipseLogger - skip non existing resourceDirectory C:\Users\group034\Desktop\190243120046\project1\project1\src\test\resources
2019-06-15 07:55:29,171 [Worker-15: Launching Executing clean in C__Users_group034_Desktop_190243120046_project1_project1] INFO  o.e.m.i.launch.MavenLaunchDelegate - C:\Users\group034\Desktop\190243120046\project1\project1
2019-06-15 07:55:29,171 [Worker-15: Launching Executing clean in C__Users_group034_Desktop_190243120046_project1_project1] INFO  o.e.m.i.launch.MavenLaunchDelegate -  mvn -B clean -Dstyle.color=always
2019-06-15 07:55:32,864 [Worker-15: Building workspace] INFO  o.e.m.c.i.embedder.EclipseLogger - Using 'UTF-8' encoding to copy filtered resources.
2019-06-15 07:55:32,865 [Worker-15: Building workspace] INFO  o.e.m.c.i.embedder.EclipseLogger - Copying 1 resource
2019-06-15 07:55:32,867 [Worker-15: Building workspace] INFO  o.e.m.c.i.embedder.EclipseLogger - Copying 0 resource
2019-06-15 07:55:32,869 [Worker-15: Building workspace] INFO  o.e.m.c.i.embedder.EclipseLogger - Using 'UTF-8' encoding to copy filtered resources.
2019-06-15 07:55:32,870 [Worker-15: Building workspace] INFO  o.e.m.c.i.embedder.EclipseLogger - skip non existing resourceDirectory C:\Users\group034\Desktop\190243120046\project1\project1\src\test\resources
2019-06-15 07:56:07,769 [Worker-8: Building workspace] INFO  o.e.m.c.i.embedder.EclipseLogger - Using 'UTF-8' encoding to copy filtered resources.
2019-06-15 07:56:07,770 [Worker-8: Building workspace] INFO  o.e.m.c.i.embedder.EclipseLogger - Copying 0 resource
2019-06-15 07:56:07,770 [Worker-8: Building workspace] INFO  o.e.m.c.i.embedder.EclipseLogger - Copying 0 resource
2019-06-15 07:56:07,774 [Worker-8: Building workspace] INFO  o.e.m.c.i.embedder.EclipseLogger - Using 'UTF-8' encoding to copy filtered resources.
2019-06-15 07:56:07,774 [Worker-8: Building workspace] INFO  o.e.m.c.i.embedder.EclipseLogger - skip non existing resourceDirectory C:\Users\group034\Desktop\190243120046\project1\project1\src\test\resources
2019-06-15 07:56:18,278 [Worker-0: Launching Executing install in C__Users_group034_Desktop_190243120046_project1_project1] INFO  o.e.m.i.launch.MavenLaunchDelegate - C:\Users\group034\Desktop\190243120046\project1\project1
2019-06-15 07:56:18,279 [Worker-0: Launching Executing install in C__Users_group034_Desktop_190243120046_project1_project1] INFO  o.e.m.i.launch.MavenLaunchDelegate -  mvn -B install -Dstyle.color=always
2019-06-15 07:56:25,147 [Worker-14: Building workspace] INFO  o.e.m.c.i.embedder.EclipseLogger - Using 'UTF-8' encoding to copy filtered resources.
2019-06-15 07:56:25,148 [Worker-14: Building workspace] INFO  o.e.m.c.i.embedder.EclipseLogger - Copying 1 resource
2019-06-15 07:56:25,151 [Worker-14: Building workspace] INFO  o.e.m.c.i.embedder.EclipseLogger - Copying 0 resource
2019-06-15 07:56:25,154 [Worker-14: Building workspace] INFO  o.e.m.c.i.embedder.EclipseLogger - Using 'UTF-8' encoding to copy filtered resources.
2019-06-15 07:56:25,154 [Worker-14: Building workspace] INFO  o.e.m.c.i.embedder.EclipseLogger - skip non existing resourceDirectory C:\Users\group034\Desktop\190243120046\project1\project1\src\test\resources
2019-06-15 07:58:16,372 [Worker-16: Building workspace] INFO  o.e.m.c.i.embedder.EclipseLogger - Using 'UTF-8' encoding to copy filtered resources.
2019-06-15 07:58:16,373 [Worker-16: Building workspace] INFO  o.e.m.c.i.embedder.EclipseLogger - Copying 0 resource
2019-06-15 07:58:16,373 [Worker-16: Building workspace] INFO  o.e.m.c.i.embedder.EclipseLogger - Copying 0 resource
2019-06-15 07:58:16,375 [Worker-16: Building workspace] INFO  o.e.m.c.i.embedder.EclipseLogger - Using 'UTF-8' encoding to copy filtered resources.
2019-06-15 07:58:16,375 [Worker-16: Building workspace] INFO  o.e.m.c.i.embedder.EclipseLogger - skip non existing resourceDirectory C:\Users\group034\Desktop\190243120046\project1\project1\src\test\resources
2019-06-15 07:58:22,788 [Worker-17: Launching Executing install in C__Users_group034_Desktop_190243120046_project1_project1] INFO  o.e.m.i.launch.MavenLaunchDelegate - C:\Users\group034\Desktop\190243120046\project1\project1
2019-06-15 07:58:22,788 [Worker-17: Launching Executing install in C__Users_group034_Desktop_190243120046_project1_project1] INFO  o.e.m.i.launch.MavenLaunchDelegate -  mvn -B install -Dstyle.color=always
2019-06-15 07:58:54,243 [Worker-11: Building workspace] INFO  o.e.m.c.i.embedder.EclipseLogger - Using 'UTF-8' encoding to copy filtered resources.
2019-06-15 07:58:54,245 [Worker-11: Building workspace] INFO  o.e.m.c.i.embedder.EclipseLogger - Copying 1 resource
2019-06-15 07:58:54,248 [Worker-11: Building workspace] INFO  o.e.m.c.i.embedder.EclipseLogger - Copying 0 resource
2019-06-15 07:58:54,252 [Worker-11: Building workspace] INFO  o.e.m.c.i.embedder.EclipseLogger - Using 'UTF-8' encoding to copy filtered resources.
2019-06-15 07:58:54,252 [Worker-11: Building workspace] INFO  o.e.m.c.i.embedder.EclipseLogger - skip non existing resourceDirectory C:\Users\group034\Desktop\190243120046\project1\project1\src\test\resources
